app/release/mapping.txt
# compiler: R8
# compiler_version: 9.4.14
# min_api: 26
# common_typos_disable
# {"id":"com.android.tools.r8.mapping","version":"2.2"}
# pg_map_id: 089d074a1c5f01c1d260fac25341e7705c4c911635ad6d6a7bf00c2ac3f12bef
# pg_map_hash: SHA-256 089d074a1c5f01c1d260fac25341e7705c4c911635ad6d6a7bf00c2ac3f12bef
ali.paf.contacts.AliPafContactsApp -> ali.paf.contacts.AliPafContactsApp:
# {"id":"sourceFile","fileName":"AliPafContactsApp.kt"}
    boolean ali.paf.contacts.Hilt_AliPafContactsApp.injected -> d
    dagger.hilt.android.internal.managers.ApplicationComponentManager ali.paf.contacts.Hilt_AliPafContactsApp.componentManager -> e
      # {"id":"com.android.tools.r8.residualsignature","signature":"Lc7;"}
    1:4:void ali.paf.contacts.Hilt_AliPafContactsApp.<init>():18:18 -> <init>
    1:4:void <init>():10 -> <init>
    5:6:void ali.paf.contacts.Hilt_AliPafContactsApp.<init>():19:19 -> <init>
    5:6:void <init>():10 -> <init>
    7:21:void ali.paf.contacts.Hilt_AliPafContactsApp.<init>():21:21 -> <init>
    7:21:void <init>():10 -> <init>
    1:5:void ali.paf.contacts.Hilt_AliPafContactsApp.hiltInternalInject():48:48 -> a
    1:5:void ali.paf.contacts.Hilt_AliPafContactsApp.onCreate():43 -> a
    6:7:void ali.paf.contacts.Hilt_AliPafContactsApp.hiltInternalInject():49:49 -> a
    6:7:void ali.paf.contacts.Hilt_AliPafContactsApp.onCreate():43 -> a
    8:9:dagger.hilt.android.internal.managers.ApplicationComponentManager ali.paf.contacts.Hilt_AliPafContactsApp.componentManager():32:32 -> a
    8:9:java.lang.Object ali.paf.contacts.Hilt_AliPafContactsApp.generatedComponent():37 -> a
    8:9:void ali.paf.contacts.Hilt_AliPafContactsApp.hiltInternalInject():52 -> a
    8:9:void ali.paf.contacts.Hilt_AliPafContactsApp.onCreate():43 -> a
ali.paf.contacts.AliPafContactsApp$CompanionUnsafe -> m3:
# {"id":"sourceFile","fileName":"R8$$SyntheticClass"}
# {"id":"com.android.tools.r8.synthesized"}
    sun.misc.Unsafe unsafe -> a
      # {"id":"com.android.tools.r8.synthesized"}
    1:75:void AliPafContactsApp$CompanionUnsafe.<clinit>():0:0 -> <clinit>
      # {"id":"com.android.tools.r8.synthesized"}
ali.paf.contacts.AliPafContactsApp_GeneratedInjector -> n3:
# {"id":"sourceFile","fileName":"AliPafContactsApp_GeneratedInjector.java"}
ali.paf.contacts.AliPafContactsApp_HiltComponents$ActivityC -> R8$$REMOVED$$CLASS$$0:
# {"id":"sourceFile","fileName":"AliPafContactsApp_HiltComponents.java"}
ali.paf.contacts.AliPafContactsApp_HiltComponents$ActivityRetainedC -> R8$$REMOVED$$CLASS$$1:
# {"id":"sourceFile","fileName":"AliPafContactsApp_HiltComponents.java"}
ali.paf.contacts.AliPafContactsApp_HiltComponents$SingletonC -> R8$$REMOVED$$CLASS$$2:
# {"id":"sourceFile","fileName":"AliPafContactsApp_HiltComponents.java"}
ali.paf.contacts.AliPafContactsApp_HiltComponents$ViewModelC -> R8$$REMOVED$$CLASS$$3:
# {"id":"sourceFile","fileName":"AliPafContactsApp_HiltComponents.java"}
ali.paf.contacts.AppModule -> R8$$REMOVED$$CLASS$$4:
# {"id":"sourceFile","fileName":"AppModule.kt"}
ali.paf.contacts.AppModule_ProvideAccountRepositoryFactory -> R8$$REMOVED$$CLASS$$5:
# {"id":"sourceFile","fileName":"AppModule_ProvideAccountRepositoryFactory.java"}
ali.paf.contacts.DaggerAliPafContactsApp_HiltComponents_SingletonC$ActivityCBuilder -> R8$$REMOVED$$CLASS$$6:
# {"id":"sourceFile","fileName":"DaggerAliPafContactsApp_HiltComponents_SingletonC.java"}
...
ezvcard.parameter.TelephoneType -> ezvcard.parameter.TelephoneType:
# {"id":"sourceFile","fileName":"TelephoneType.java"}
    1:9:void <clinit>():49:49 -> <clinit>
    10:18:void <clinit>():52:52 -> <clinit>
    19:27:void <clinit>():55:55 -> <clinit>
    28:36:void <clinit>():57:57 -> <clinit>
    37:45:void <clinit>():59:59 -> <clinit>
    46:54:void <clinit>():61:61 -> <clinit>
    55:63:void <clinit>():64:64 -> <clinit>
    64:72:void <clinit>():67:67 -> <clinit>
    73:81:void <clinit>():70:70 -> <clinit>
    82:90:void <clinit>():72:72 -> <clinit>
    91:99:void <clinit>():75:75 -> <clinit>
    100:108:void <clinit>():78:78 -> <clinit>
    109:117:void <clinit>():81:81 -> <clinit>
    118:126:void <clinit>():84:84 -> <clinit>
    127:135:void <clinit>():86:86 -> <clinit>
    136:144:void <clinit>():88:88 -> <clinit>
    145:154:void <clinit>():90:90 -> <clinit>
    1:4:void <init>(java.lang.String):93:93 -> <init>
    1:7:java.util.Collection all():123:123 -> all
    1:9:ezvcard.parameter.TelephoneType find(java.lang.String):103:103 -> find
    1:9:ezvcard.parameter.TelephoneType get(java.lang.String):114:114 -> get
ezvcard.parameter.VCardParameter -> ezvcard.parameter.VCardParameter:
# {"id":"sourceFile","fileName":"VCardParameter.java"}
    1:8:void <init>(java.lang.String,boolean):62:62 -> <init>
    9:15:void <init>(java.lang.String,boolean):63:63 -> <init>
    16:16:void <init>(java.lang.String):53:53 -> <init>
    9:19:boolean equals(java.lang.Object):153:153 -> equals
    20:21:boolean equals(java.lang.Object):154:154 -> equals
    22:23:boolean equals(java.lang.Object):155:155 -> equals
    24:38:boolean equals(java.lang.Object):157:157 -> equals
    1:14:ezvcard.VCardVersion[] getSupportedVersions():88:88 -> getSupportedVersions
    15:26:ezvcard.VCardVersion[] getSupportedVersions():89:89 -> getSupportedVersions
    27:32:ezvcard.VCardVersion[] getSupportedVersions():95:95 -> getSupportedVersions
    33:42:ezvcard.VCardVersion[] getSupportedVersions():104:104 -> getSupportedVersions
    43:55:ezvcard.VCardVersion[] getSupportedVersions():105:105 -> getSupportedVersions
    56:60:ezvcard.VCardVersion[] getSupportedVersions():109:109 -> getSupportedVersions
    1:3:java.lang.String getValue():71:71 -> getValue
    1:14:int hashCode():145:145 -> hashCode
    1:19:boolean isSupportedBy(ezvcard.VCardVersion):128:128 -> isSupportedBy
    1:3:java.lang.String toString():138:138 -> toString
ezvcard.parameter.VCardParameterCaseClasses -> ezvcard.parameter.VCardParameterCaseClasses:
# {"id":"sourceFile","fileName":"VCardParameterCaseClasses.java"}
    1:4:void <init>(java.lang.Class):41:41 -> <init>
    1:13:ezvcard.parameter.VCardParameter create(java.lang.String):49:49 -> create
    14:16:ezvcard.parameter.VCardParameter create(java.lang.String):50:50 -> create
    17:27:ezvcard.parameter.VCardParameter create(java.lang.String):51:51 -> create
    28:39:ezvcard.parameter.VCardParameter create(java.lang.String):55:55 -> create
    40:43:ezvcard.parameter.VCardParameter create(java.lang.String):56:56 -> create
    44:57:ezvcard.parameter.VCardParameter create(java.lang.String):57:57 -> create
    58:62:ezvcard.parameter.VCardParameter create(java.lang.String):59:59 -> create
    63:63:java.lang.Object create(java.lang.Object):39:39 -> create
    1:9:boolean matches(java.lang.Object,java.lang.Object):39:39 -> matches
    10:10:boolean matches(ezvcard.parameter.VCardParameter,java.lang.String):66:66 -> matches